<?xml version="1.0" encoding="utf-8"?><testsuite errors="0" failures="0" name="pytest" skipped="0" tests="7" time="10.987"><testcase classname="test_submit" file="test_submit.py" line="11" name="test_modules" time="0.003"></testcase><testcase classname="test_submit" file="test_submit.py" line="17" name="test_q_1" time="1.060"></testcase><testcase classname="test_submit" file="test_submit.py" line="20" name="test_q_2" time="0.986"></testcase><testcase classname="test_submit" file="test_submit.py" line="23" name="test_q_3" time="1.014"></testcase><testcase classname="test_submit" file="test_submit.py" line="47" name="test_q_4" time="1.647"></testcase><testcase classname="test_submit" file="test_submit.py" line="61" name="test_q_5" time="0.456"></testcase><testcase classname="test_submit" file="test_submit.py" line="75" name="test_q_6" time="5.734"></testcase></testsuite>